StormWind, running on Storm 1.3.1 (dev)

Date: Thu Nov 28 18:46:20 2019
Command line arguments: --prism ../../src/stochastic-windows/util/case-studies/rabin/rabin3.nm --objective fw mp --rew weights --windowsize 5 '--io:exportscheduler' ../../src/stochastic-windows/util/case-studies/rabin/rabin3-fwmp5-sched.txt --schedulerslabels '--minmax:method' pi --timemem
Current working directory: /home/florent/Documents/workspace/storm/cmake-build-debug/bin

Equation solving method: Policy Iteration
Time for model input parsing: 0.135s.

Time for model construction: 4.887s.

-------------------------------------------------------------- 
Model type: 	MDP (sparse)
States: 	27766
Transitions: 	137802
Choices: 	45636
Reward Models:  weights, priorities
State Labels: 	4 labels
   * deadlock -> 0 item(s)
   * init -> 1 item(s)
   * one_critical -> 5016 item(s)
   * one_trying -> 27758 item(s)
Choice Labels: 	none
-------------------------------------------------------------- 
Objective: Fixed window mean payoff
End component classification method: window game with polynomial memory strategy

max. probability from initial states:
init: 1
Exporting scheduler ... Write to file ../../src/stochastic-windows/util/case-studies/rabin/rabin3-fwmp5-sched.txt.

Performance statistics:
  * peak memory usage: 157MB
  * CPU time: 7.785s
  * wallclock time: 8.052s
