StormWind, running on Storm 1.3.1 (dev)

Date: Thu Nov 28 18:46:09 2019
Command line arguments: --prism ../../src/stochastic-windows/util/case-studies/rabin/rabin3.nm --objective dfw mp --rew weights --windowsize 5 '--io:exportscheduler' ../../src/stochastic-windows/util/case-studies/rabin/rabin3-dfwmp5-sched.txt --schedulerslabels '--minmax:method' pi --timemem
Current working directory: /home/florent/Documents/workspace/storm/cmake-build-debug/bin

Equation solving method: Policy Iteration
Time for model input parsing: 0.134s.

Time for model construction: 4.863s.

-------------------------------------------------------------- 
Model type: 	MDP (sparse)
States: 	27766
Transitions: 	137802
Choices: 	45636
Reward Models:  weights, priorities
State Labels: 	4 labels
   * deadlock -> 0 item(s)
   * init -> 1 item(s)
   * one_critical -> 5016 item(s)
   * one_trying -> 27758 item(s)
Choice Labels: 	none
-------------------------------------------------------------- 
Objective: Direct fixed window mean payoff
End component classification method: unfolding

max. probability from initial states:
init: 1
Exporting scheduler ... Write to file ../../src/stochastic-windows/util/case-studies/rabin/rabin3-dfwmp5-sched.txt.

Performance statistics:
  * peak memory usage: 1379MB
  * CPU time: 9.388s
  * wallclock time: 10.412s
