StormWind, running on Storm 1.3.1 (dev)

Date: Fri Nov 29 08:54:28 2019
Command line arguments: --prism ../../src/stochastic-windows/util/case-studies/rabin/rabin4.nm --objective dfw mp --rew weights --windowsize 5 '--io:exportscheduler' ../../src/stochastic-windows/util/case-studies/rabin/rabin4-dfwmp5-sched.txt --schedulerslabels '--minmax:method' pi --timemem
Current working directory: /home/florent/Documents/workspace/storm/cmake-build-debug/bin

Equation solving method: Policy Iteration
Time for model input parsing: 0.153s.

Time for model construction: 134.354s.

-------------------------------------------------------------- 
Model type: 	MDP (sparse)
States: 	668836
Transitions: 	3637488
Choices: 	1170736
Reward Models:  weights, priorities
State Labels: 	4 labels
   * deadlock -> 0 item(s)
   * init -> 1 item(s)
   * one_critical -> 146296 item(s)
   * one_trying -> 668826 item(s)
Choice Labels: 	none
-------------------------------------------------------------- 
Objective: Direct fixed window mean payoff
End component classification method: unfolding

