StormWind, running on Storm 1.3.1 (dev)

Date: Thu Nov 28 18:46:29 2019
Command line arguments: --prism ../../src/stochastic-windows/util/case-studies/rabin/rabin3.nm --objective bw mp --rew weights --windowsize 5 '--io:exportscheduler' ../../src/stochastic-windows/util/case-studies/rabin/rabin3-bwmp-sched.txt --schedulerslabels '--minmax:method' pi --timemem
Current working directory: /home/florent/Documents/workspace/storm/cmake-build-debug/bin

Equation solving method: Policy Iteration
Time for model input parsing: 0.132s.

Time for model construction: 4.833s.

-------------------------------------------------------------- 
Model type: 	MDP (sparse)
States: 	27766
Transitions: 	137802
Choices: 	45636
Reward Models:  weights, priorities
State Labels: 	4 labels
   * deadlock -> 0 item(s)
   * init -> 1 item(s)
   * one_critical -> 5016 item(s)
   * one_trying -> 27758 item(s)
Choice Labels: 	none
-------------------------------------------------------------- 
Objective: Bounded window mean payoff
End component classification method: window game with memoryless strategy

