StormWind, running on Storm 1.3.1 (dev)

Date: Wed Nov 27 22:10:55 2019
Command line arguments: --prism ../../src/stochastic-windows/util/case-studies/phil-nofair/phil-nofair5.nm --objective fw par --rew priorities --windowsize 5 '--io:exportscheduler' ../../src/stochastic-windows/util/case-studies/phil-nofair/phil-nofair5-fwpar5-sched.txt --schedulerslabels '--minmax:method' pi --timemem
Current working directory: /home/florent/Documents/workspace/storm/cmake-build-debug/bin

Equation solving method: Policy Iteration
Time for model input parsing: 1.656s.

Time for model construction: 24.551s.

-------------------------------------------------------------- 
Model type: 	MDP (sparse)
States: 	93068
Transitions: 	494420
Choices: 	437050
Reward Models:  weights, priorities
State Labels: 	4 labels
   * deadlock -> 0 item(s)
   * init -> 1 item(s)
   * eat -> 35840 item(s)
   * hungry -> 92677 item(s)
Choice Labels: 	none
-------------------------------------------------------------- 
Objective: Fixed window parity
End component classification method: window game with polynomial memory strategy

max. probability from initial states:
init: 1
Exporting scheduler ... Write to file ../../src/stochastic-windows/util/case-studies/phil-nofair/phil-nofair5-fwpar5-sched.txt.

Performance statistics:
  * peak memory usage: 15483MB
  * CPU time: 84.564s
  * wallclock time: 3970.522s
