StormWind, running on Storm 1.3.1 (dev)

Date: Wed Nov 27 21:04:48 2019
Command line arguments: --prism ../../src/stochastic-windows/util/case-studies/phil-nofair/phil-nofair3.nm --objective dfw mp --rew weights --windowsize 5 '--io:exportscheduler' ../../src/stochastic-windows/util/case-studies/phil-nofair/phil-nofair3-dfwmp5-sched.txt --schedulerslabels '--minmax:method' pi --timemem
Current working directory: /home/florent/Documents/workspace/storm/cmake-build-debug/bin

Equation solving method: Policy Iteration
Time for model input parsing: 0.120s.

Time for model construction: 0.195s.

-------------------------------------------------------------- 
Model type: 	MDP (sparse)
States: 	956
Transitions: 	3048
Choices: 	2694
Reward Models:  weights, priorities
State Labels: 	4 labels
   * deadlock -> 0 item(s)
   * init -> 1 item(s)
   * eat -> 240 item(s)
   * hungry -> 922 item(s)
Choice Labels: 	none
-------------------------------------------------------------- 
Objective: Direct fixed window mean payoff
End component classification method: unfolding

max. probability from initial states:
init: 1
Exporting scheduler ... Write to file ../../src/stochastic-windows/util/case-studies/phil-nofair/phil-nofair3-dfwmp5-sched.txt.

Performance statistics:
  * peak memory usage: 140MB
  * CPU time: 0.485s
  * wallclock time: 0.474s
