StormWind, running on Storm 1.3.1 (dev)

Date: Wed Nov 27 21:04:59 2019
Command line arguments: --prism ../../src/stochastic-windows/util/case-studies/phil-nofair/phil-nofair4.nm --objective bw mp --rew weights --windowsize 5 '--io:exportscheduler' ../../src/stochastic-windows/util/case-studies/phil-nofair/phil-nofair4-bwmp-sched.txt --schedulerslabels '--minmax:method' pi --timemem
Current working directory: /home/florent/Documents/workspace/storm/cmake-build-debug/bin

Equation solving method: Policy Iteration
Time for model input parsing: 0.129s.

Time for model construction: 2.052s.

-------------------------------------------------------------- 
Model type: 	MDP (sparse)
States: 	9440
Transitions: 	40120
Choices: 	35464
Reward Models:  weights, priorities
State Labels: 	4 labels
   * deadlock -> 0 item(s)
   * init -> 1 item(s)
   * eat -> 3040 item(s)
   * hungry -> 9323 item(s)
Choice Labels: 	none
-------------------------------------------------------------- 
Objective: Bounded window mean payoff
End component classification method: window game with memoryless strategy

max. probability from initial states:
init: 1
Exporting scheduler ... Write to file ../../src/stochastic-windows/util/case-studies/phil-nofair/phil-nofair4-bwmp-sched.txt.

Performance statistics:
  * peak memory usage: 142MB
  * CPU time: 10.567s
  * wallclock time: 10.558s
