StormWind, running on Storm 1.3.1 (dev)

Date: Wed Nov 27 21:05:20 2019
Command line arguments: --prism ../../src/stochastic-windows/util/case-studies/phil-nofair/phil-nofair5.nm --objective dfw par --rew priorities --windowsize 5 '--io:exportscheduler' ../../src/stochastic-windows/util/case-studies/phil-nofair/phil-nofair5-dfwpar5-sched.txt --schedulerslabels '--minmax:method' pi --timemem
Current working directory: /home/florent/Documents/workspace/storm/cmake-build-debug/bin

Equation solving method: Policy Iteration
Time for model input parsing: 0.146s.

Time for model construction: 24.561s.

-------------------------------------------------------------- 
Model type: 	MDP (sparse)
States: 	93068
Transitions: 	494420
Choices: 	437050
Reward Models:  weights, priorities
State Labels: 	4 labels
   * deadlock -> 0 item(s)
   * init -> 1 item(s)
   * eat -> 35840 item(s)
   * hungry -> 92677 item(s)
Choice Labels: 	none
-------------------------------------------------------------- 
Objective: Direct fixed window parity
End component classification method: unfolding

max. probability from initial states:
init: 1
Exporting scheduler ... Write to file ../../src/stochastic-windows/util/case-studies/phil-nofair/phil-nofair5-dfwpar5-sched.txt.

Performance statistics:
  * peak memory usage: 15367MB
  * CPU time: 78.823s
  * wallclock time: 3928.159s
